<?xml version="1.0" encoding="UTF-8"?>
<!-- Generated by org.testng.reporters.JUnitReportReporter -->
<testsuite hostname="JayKay" failures="0" tests="3" name="com.crm.qa.testcases.loginPageTest" time="34.158" errors="0" timestamp="2022-07-07T23:48:56 IST" skipped="0">
  <testcase classname="com.crm.qa.testcases.loginPageTest" name="loginPageTitleTest" time="13.206"/>
  <system-out/>
  <testcase classname="com.crm.qa.testcases.loginPageTest" name="crmLogoImageTest" time="7.182"/>
  <system-out/>
  <testcase classname="com.crm.qa.testcases.loginPageTest" name="loginTest" time="13.770"/>
  <system-out/>
</testsuite> <!-- com.crm.qa.testcases.loginPageTest -->
