<?xml version="1.0" encoding="UTF-8"?>
<!-- Generated by org.testng.reporters.JUnitReportReporter -->
<testsuite hostname="JayKay" failures="0" tests="3" name="com.crm.qa.testcases.homePageTest" time="42.373" errors="0" timestamp="2022-07-07T23:48:56 IST" skipped="0">
  <testcase classname="com.crm.qa.testcases.homePageTest" name="verifyHomePageTitleTest" time="13.979"/>
  <system-out/>
  <testcase classname="com.crm.qa.testcases.homePageTest" name="verifyUserNameTest" time="12.670"/>
  <system-out/>
  <testcase classname="com.crm.qa.testcases.homePageTest" name="verifyContactsLinkTest" time="15.724"/>
  <system-out/>
</testsuite> <!-- com.crm.qa.testcases.homePageTest -->
