<?xml version="1.0" encoding="UTF-8"?>
<!-- Generated by org.testng.reporters.JUnitReportReporter -->
<testsuite hostname="JayKay" failures="0" tests="3" name="com.crm.qa.testcases.loginPageTest" time="40.974" errors="0" timestamp="2022-07-10T21:24:41 IST" skipped="0">
  <testcase classname="com.crm.qa.testcases.loginPageTest" name="loginPageTitleTest" time="12.820"/>
  <system-out/>
  <testcase classname="com.crm.qa.testcases.loginPageTest" name="crmLogoImageTest" time="8.642"/>
  <system-out/>
  <testcase classname="com.crm.qa.testcases.loginPageTest" name="loginTest" time="19.512"/>
  <system-out/>
</testsuite> <!-- com.crm.qa.testcases.loginPageTest -->
